<?xml version="1.0" encoding="UTF-8"?>
<robot generator="Robot 7.3.2 (Python 3.12.1 on win32)" generated="2025-07-15T19:38:29.109494" rpa="false" schemaversion="5">
<suite id="s1" name="Login" source="C:\Users\USUÁRIO\QAx\projects\smartbit-robot\tests\login.robot">
<test id="s1-t1" name="Não deve logar com senha incorreta" line="19">
<kw name="Start session" owner="Base" type="SETUP">
<kw name="New Browser" owner="Browser">
<msg time="2025-07-15T19:38:30.249249" level="INFO">{"browser": "chromium", "headless": false, "chromiumSandbox": false, "devtools": false, "handleSIGHUP": true, "handleSIGINT": true, "handleSIGTERM": true, "slowMo": 0.0, "timeout": 30000.0, "tracesDir": "C:\\Users\\USU\u00c1RIO\\QAx\\projects\\smartbit-robot\\.log\\browser\\traces\\temp\\e720b73c-4ae8-46c1-816e-72c8f3ff6f71"}</msg>
<msg time="2025-07-15T19:38:30.293246" level="INFO">Starting Browser process C:\Python312\Lib\site-packages\Browser\wrapper\index.js using at 127.0.0.1:58181</msg>
<msg time="2025-07-15T19:38:32.834275" level="INFO">Successfully created browser with options: {"browser":"chromium","headless":false,"chromiumSandbox":false,"devtools":false,"handleSIGHUP":true,"handleSIGINT":true,"handleSIGTERM":true,"slowMo":0,"timeout":30000,"tracesDir":"C:\\Users\\USUÁRIO\\QAx\\projects\\smartbit-robot\\.log\\browser\\traces\\temp\\e720b73c-4ae8-46c1-816e-72c8f3ff6f71"}</msg>
<arg>browser=chromium</arg>
<arg>headless=False</arg>
<tag>BrowserControl</tag>
<tag>Setter</tag>
<doc>Create a new playwright Browser with specified options.</doc>
<status status="PASS" start="2025-07-15T19:38:30.247245" elapsed="2.588028"/>
</kw>
<kw name="New Page" owner="Browser">
<msg time="2025-07-15T19:38:34.232319" level="INFO">Successfully initialized new page object and opened url: http://localhost:3000</msg>
<msg time="2025-07-15T19:38:34.232319" level="INFO">No context was open. New context was automatically opened when this page is created.</msg>
<arg>http://localhost:3000</arg>
<tag>BrowserControl</tag>
<tag>Setter</tag>
<doc>Open a new Page.</doc>
<status status="PASS" start="2025-07-15T19:38:32.835273" elapsed="1.398045"/>
</kw>
<status status="PASS" start="2025-07-15T19:38:30.246245" elapsed="3.987073"/>
</kw>
<kw name="Go to login page" owner="Login">
<kw name="Go To" owner="Browser">
<msg time="2025-07-15T19:38:34.461173" level="INFO">Successfully opened URL http://localhost:3000/login</msg>
<arg>http://localhost:3000/login</arg>
<tag>BrowserControl</tag>
<tag>Setter</tag>
<doc>Navigates to the given ``url``.</doc>
<status status="PASS" start="2025-07-15T19:38:34.234321" elapsed="0.226852"/>
</kw>
<status status="PASS" start="2025-07-15T19:38:34.233318" elapsed="0.227855"/>
</kw>
<kw name="Submit login form" owner="Login">
<kw name="Fill Text" owner="Browser">
<msg time="2025-07-15T19:38:34.467172" level="INFO">Fills the text 'jo@smartbit.com' in the given field.</msg>
<arg>css=input[name=email]</arg>
<arg>${email}</arg>
<tag>PageContent</tag>
<tag>Setter</tag>
<doc>Clears and fills the given ``txt`` into the text field found by ``selector``.</doc>
<status status="PASS" start="2025-07-15T19:38:34.466177" elapsed="0.112094"/>
</kw>
<kw name="Fill Text" owner="Browser">
<msg time="2025-07-15T19:38:34.581272" level="INFO">Fills the text 'jbm123' in the given field.</msg>
<arg>css=input[type=password]</arg>
<arg>${password}</arg>
<tag>PageContent</tag>
<tag>Setter</tag>
<doc>Clears and fills the given ``txt`` into the text field found by ``selector``.</doc>
<status status="PASS" start="2025-07-15T19:38:34.579275" elapsed="0.036998"/>
</kw>
<kw name="Click" owner="Browser">
<msg time="2025-07-15T19:38:34.619272" level="INFO">Clicks the element 'css=button &gt;&gt; text=Entrar'.</msg>
<arg>css=button &gt;&gt; text=Entrar</arg>
<tag>PageContent</tag>
<tag>Setter</tag>
<doc>Simulates mouse click on the element found by ``selector``.</doc>
<status status="PASS" start="2025-07-15T19:38:34.617274" elapsed="0.077998"/>
</kw>
<arg>jo@smartbit.com</arg>
<arg>jbm123</arg>
<status status="PASS" start="2025-07-15T19:38:34.465179" elapsed="0.230093"/>
</kw>
<kw name="Toast should be" owner="Toast">
<kw name="Wait For Elements State" owner="Browser">
<msg time="2025-07-15T19:38:36.076202" level="INFO">Waited for Element with selector css=.Toastify__toast-body at state visible</msg>
<arg>css=.Toastify__toast-body</arg>
<arg>visible</arg>
<arg>5</arg>
<tag>PageContent</tag>
<tag>Wait</tag>
<doc>Waits for the element found by ``selector`` to satisfy state option.</doc>
<status status="PASS" start="2025-07-15T19:38:34.696270" elapsed="1.379932"/>
</kw>
<kw name="Get Text" owner="Browser">
<msg time="2025-07-15T19:38:36.135211" level="INFO">Text: 'As credenciais de acesso fornecidas são inválidas. Tente novamente!'</msg>
<arg>css=.Toastify__toast-body</arg>
<arg>equal</arg>
<arg>${expected_text}</arg>
<tag>Assertion</tag>
<tag>Getter</tag>
<tag>PageContent</tag>
<doc>Returns text attribute of the element found by ``selector``.</doc>
<status status="PASS" start="2025-07-15T19:38:36.077199" elapsed="0.059019"/>
</kw>
<arg>As credenciais de acesso fornecidas são inválidas. Tente novamente!</arg>
<status status="PASS" start="2025-07-15T19:38:34.695272" elapsed="1.440946"/>
</kw>
<kw name="Take Screenshot" owner="Browser" type="TEARDOWN">
<msg time="2025-07-15T19:38:36.317198" level="INFO" html="true">&lt;/td&gt;&lt;/tr&gt;&lt;tr&gt;&lt;td colspan="3"&gt;&lt;a href="browser/screenshot/robotframework-browser-screenshot-1.png" target="_blank"&gt;&lt;img src="browser/screenshot/robotframework-browser-screenshot-1.png" width="800px"/&gt;&lt;/a&gt;</msg>
<tag>PageContent</tag>
<doc>Takes a screenshot of the current window or element and saves it to disk.</doc>
<status status="PASS" start="2025-07-15T19:38:36.137200" elapsed="0.179998"/>
</kw>
<msg time="2025-07-15T19:38:36.350211" level="INFO">Switching context to context=50d9f278-80a9-40b0-9ca0-cb3facf5e52e in CURRENT</msg>
<msg time="2025-07-15T19:38:36.363194" level="INFO">Successfully changed active context: context=50d9f278-80a9-40b0-9ca0-cb3facf5e52e</msg>
<msg time="2025-07-15T19:38:36.459201" level="INFO">Successfully closed Context</msg>
<tag>jojo</tag>
<status status="PASS" start="2025-07-15T19:38:30.244246" elapsed="6.073951"/>
</test>
<doc>Cenarios de testes do Login SAC</doc>
<status status="PASS" start="2025-07-15T19:38:29.112494" elapsed="7.350705"/>
</suite>
<statistics>
<total>
<stat pass="1" fail="0" skip="0">All Tests</stat>
</total>
<tag>
<stat pass="1" fail="0" skip="0">jojo</stat>
</tag>
<suite>
<stat name="Login" id="s1" pass="1" fail="0" skip="0">Login</stat>
</suite>
</statistics>
<errors>
</errors>
</robot>
